This file contains any messages produced by compilers while
running configure, to aid debugging if configure makes a mistake.

It was created by ion configure open source 4.1.1, which was
generated by GNU Autoconf 2.71.  Invocation command line was

  $ ./configure

## --------- ##
## Platform. ##
## --------- ##

hostname = samo-ThinkPad-X1-Carbon-5th
uname -m = x86_64
uname -r = 5.15.0-52-generic
uname -s = Linux
uname -v = #58-Ubuntu SMP Thu Oct 13 08:03:55 UTC 2022

/usr/bin/uname -p = x86_64
/bin/uname -X     = unknown

/bin/arch              = x86_64
/usr/bin/arch -k       = unknown
/usr/convex/getsysinfo = unknown
/usr/bin/hostinfo      = unknown
/bin/machine           = unknown
/usr/bin/oslevel       = unknown
/bin/universe          = unknown

PATH: /usr/local/sbin/
PATH: /usr/local/bin/
PATH: /usr/sbin/
PATH: /usr/bin/
PATH: /sbin/
PATH: /bin/
PATH: /usr/games/
PATH: /usr/local/games/
PATH: /snap/bin/
PATH: /snap/bin/


## ----------- ##
## Core tests. ##
## ----------- ##

configure:2596: looking for aux files: config.guess config.sub ltmain.sh ar-lib compile missing install-sh
configure:2609:  trying ./
configure:2638:   ./config.guess found
configure:2638:   ./config.sub found
configure:2638:   ./ltmain.sh found
configure:2638:   ./ar-lib found
configure:2638:   ./compile found
configure:2638:   ./missing found
configure:2620:   ./install-sh found
configure:2773: checking for a BSD-compatible install
configure:2846: result: /usr/bin/install -c
configure:2857: checking whether build environment is sane
configure:2912: result: yes
configure:3071: checking for a race-free mkdir -p
configure:3115: result: /usr/bin/mkdir -p
configure:3122: checking for gawk
configure:3157: result: no
configure:3122: checking for mawk
configure:3143: found /usr/bin/mawk
configure:3154: result: mawk
configure:3165: checking whether make sets $(MAKE)
configure:3188: result: yes
configure:3218: checking whether make supports nested variables
configure:3236: result: yes
configure:3488: checking for gcc
configure:3509: found /usr/bin/gcc
configure:3520: result: gcc
configure:3873: checking for C compiler version
configure:3882: gcc --version >&5
gcc (Ubuntu 11.3.0-1ubuntu1~22.04) 11.3.0
Copyright (C) 2021 Free Software Foundation, Inc.
This is free software; see the source for copying conditions.  There is NO
warranty; not even for MERCHANTABILITY or FITNESS FOR A PARTICULAR PURPOSE.

configure:3893: $? = 0
configure:3882: gcc -v >&5
Using built-in specs.
COLLECT_GCC=gcc
COLLECT_LTO_WRAPPER=/usr/lib/gcc/x86_64-linux-gnu/11/lto-wrapper
OFFLOAD_TARGET_NAMES=nvptx-none:amdgcn-amdhsa
OFFLOAD_TARGET_DEFAULT=1
Target: x86_64-linux-gnu
Configured with: ../src/configure -v --with-pkgversion='Ubuntu 11.3.0-1ubuntu1~22.04' --with-bugurl=file:///usr/share/doc/gcc-11/README.Bugs --enable-languages=c,ada,c++,go,brig,d,fortran,objc,obj-c++,m2 --prefix=/usr --with-gcc-major-version-only --program-suffix=-11 --program-prefix=x86_64-linux-gnu- --enable-shared --enable-linker-build-id --libexecdir=/usr/lib --without-included-gettext --enable-threads=posix --libdir=/usr/lib --enable-nls --enable-bootstrap --enable-clocale=gnu --enable-libstdcxx-debug --enable-libstdcxx-time=yes --with-default-libstdcxx-abi=new --enable-gnu-unique-object --disable-vtable-verify --enable-plugin --enable-default-pie --with-system-zlib --enable-libphobos-checking=release --with-target-system-zlib=auto --enable-objc-gc=auto --enable-multiarch --disable-werror --enable-cet --with-arch-32=i686 --with-abi=m64 --with-multilib-list=m32,m64,mx32 --enable-multilib --with-tune=generic --enable-offload-targets=nvptx-none=/build/gcc-11-xKiWfi/gcc-11-11.3.0/debian/tmp-nvptx/usr,amdgcn-amdhsa=/build/gcc-11-xKiWfi/gcc-11-11.3.0/debian/tmp-gcn/usr --without-cuda-driver --enable-checking=release --build=x86_64-linux-gnu --host=x86_64-linux-gnu --target=x86_64-linux-gnu --with-build-config=bootstrap-lto-lean --enable-link-serialization=2
Thread model: posix
Supported LTO compression algorithms: zlib zstd
gcc version 11.3.0 (Ubuntu 11.3.0-1ubuntu1~22.04) 
... rest of stderr output deleted ...
configure:3893: $? = 0
configure:3882: gcc -V >&5
gcc: error: unrecognized command-line option '-V'
gcc: fatal error: no input files
compilation terminated.
configure:3893: $? = 1
configure:3882: gcc -qversion >&5
gcc: error: unrecognized command-line option '-qversion'; did you mean '--version'?
gcc: fatal error: no input files
compilation terminated.
configure:3893: $? = 1
configure:3882: gcc -version >&5
gcc: error: unrecognized command-line option '-version'
gcc: fatal error: no input files
compilation terminated.
configure:3893: $? = 1
configure:3913: checking whether the C compiler works
configure:3935: gcc    conftest.c  >&5
configure:3939: $? = 0
configure:3989: result: yes
configure:3992: checking for C compiler default output file name
configure:3994: result: a.out
configure:4000: checking for suffix of executables
configure:4007: gcc -o conftest    conftest.c  >&5
configure:4011: $? = 0
configure:4034: result: 
configure:4056: checking whether we are cross compiling
configure:4064: gcc -o conftest    conftest.c  >&5
configure:4068: $? = 0
configure:4075: ./conftest
configure:4079: $? = 0
configure:4094: result: no
configure:4099: checking for suffix of object files
configure:4122: gcc -c   conftest.c >&5
configure:4126: $? = 0
configure:4148: result: o
configure:4152: checking whether the compiler supports GNU C
configure:4172: gcc -c   conftest.c >&5
configure:4172: $? = 0
configure:4182: result: yes
configure:4193: checking whether gcc accepts -g
configure:4214: gcc -c -g  conftest.c >&5
configure:4214: $? = 0
configure:4258: result: yes
configure:4278: checking for gcc option to enable C11 features
configure:4293: gcc  -c -g -O2  conftest.c >&5
configure:4293: $? = 0
configure:4311: result: none needed
configure:4427: checking whether gcc understands -c and -o together
configure:4450: gcc -c conftest.c -o conftest2.o
configure:4453: $? = 0
configure:4450: gcc -c conftest.c -o conftest2.o
configure:4453: $? = 0
configure:4465: result: yes
configure:4485: checking whether make supports the include directive
configure:4500: make -f confmf.GNU && cat confinc.out
this is the am__doit target
configure:4503: $? = 0
configure:4522: result: yes (GNU style)
configure:4548: checking dependency style of gcc
configure:4660: result: gcc3
configure:4733: checking for ar
configure:4754: found /usr/bin/ar
configure:4765: result: ar
configure:4791: checking the archiver (ar) interface
configure:4808: gcc -c -g -O2  conftest.c >&5
configure:4808: $? = 0
configure:4811: ar cru libconftest.a conftest.o >&5
ar: `u' modifier ignored since `D' is the default (see `U')
configure:4814: $? = 0
configure:4842: result: ar
configure:4894: checking build system type
configure:4909: result: x86_64-pc-linux-gnu
configure:4929: checking host system type
configure:4943: result: x86_64-pc-linux-gnu
configure:4984: checking how to print strings
configure:5011: result: printf
configure:5032: checking for a sed that does not truncate output
configure:5102: result: /usr/bin/sed
configure:5120: checking for grep that handles long lines and -e
configure:5184: result: /usr/bin/grep
configure:5189: checking for egrep
configure:5257: result: /usr/bin/grep -E
configure:5262: checking for fgrep
configure:5330: result: /usr/bin/grep -F
configure:5366: checking for ld used by gcc
configure:5434: result: /usr/bin/ld
configure:5441: checking if the linker (/usr/bin/ld) is GNU ld
configure:5457: result: yes
configure:5469: checking for BSD- or MS-compatible name lister (nm)
configure:5524: result: /usr/bin/nm -B
configure:5664: checking the name lister (/usr/bin/nm -B) interface
configure:5672: gcc -c -g -O2  conftest.c >&5
configure:5675: /usr/bin/nm -B "conftest.o"
configure:5678: output
0000000000000000 B some_variable
configure:5685: result: BSD nm
configure:5688: checking whether ln -s works
configure:5692: result: yes
configure:5700: checking the maximum length of command line arguments
configure:5832: result: 1572864
configure:5880: checking how to convert x86_64-pc-linux-gnu file names to x86_64-pc-linux-gnu format
configure:5921: result: func_convert_file_noop
configure:5928: checking how to convert x86_64-pc-linux-gnu file names to toolchain format
configure:5949: result: func_convert_file_noop
configure:5956: checking for /usr/bin/ld option to reload object files
configure:5964: result: -r
configure:6043: checking for objdump
configure:6064: found /usr/bin/objdump
configure:6075: result: objdump
configure:6107: checking how to recognize dependent libraries
configure:6308: result: pass_all
configure:6398: checking for dlltool
configure:6433: result: no
configure:6463: checking how to associate runtime and link libraries
configure:6491: result: printf %s\n
configure:6625: checking for archiver @FILE support
configure:6643: gcc -c -g -O2  conftest.c >&5
configure:6643: $? = 0
configure:6647: ar cr libconftest.a @conftest.lst >&5
configure:6650: $? = 0
configure:6655: ar cr libconftest.a @conftest.lst >&5
ar: conftest.o: No such file or directory
configure:6658: $? = 1
configure:6670: result: @
configure:6733: checking for strip
configure:6754: found /usr/bin/strip
configure:6765: result: strip
configure:6842: checking for ranlib
configure:6863: found /usr/bin/ranlib
configure:6874: result: ranlib
configure:6976: checking command to parse /usr/bin/nm -B output from gcc object
configure:7130: gcc -c -g -O2  conftest.c >&5
configure:7133: $? = 0
configure:7137: /usr/bin/nm -B conftest.o | sed -n -e 's/^.*[	 ]\([ABCDGIRSTW][ABCDGIRSTW]*\)[	 ][	 ]*\([_A-Za-z][_A-Za-z0-9]*\)$/\1 \2 \2/p' | sed '/ __gnu_lto/d' > conftest.nm
configure:7203: gcc -o conftest -g -O2   conftest.c conftstm.o >&5
configure:7206: $? = 0
configure:7244: result: ok
configure:7291: checking for sysroot
configure:7322: result: no
configure:7329: checking for a working dd
configure:7373: result: /usr/bin/dd
configure:7377: checking how to truncate binary pipes
configure:7393: result: /usr/bin/dd bs=4096 count=1
configure:7530: gcc -c -g -O2  conftest.c >&5
configure:7533: $? = 0
configure:7730: checking for mt
configure:7751: found /usr/bin/mt
configure:7762: result: mt
configure:7785: checking if mt is a manifest tool
configure:7792: mt '-?'
configure:7800: result: no
configure:8530: checking for stdio.h
configure:8530: gcc -c -g -O2  conftest.c >&5
configure:8530: $? = 0
configure:8530: result: yes
configure:8530: checking for stdlib.h
configure:8530: gcc -c -g -O2  conftest.c >&5
configure:8530: $? = 0
configure:8530: result: yes
configure:8530: checking for string.h
configure:8530: gcc -c -g -O2  conftest.c >&5
configure:8530: $? = 0
configure:8530: result: yes
configure:8530: checking for inttypes.h
configure:8530: gcc -c -g -O2  conftest.c >&5
configure:8530: $? = 0
configure:8530: result: yes
configure:8530: checking for stdint.h
configure:8530: gcc -c -g -O2  conftest.c >&5
configure:8530: $? = 0
configure:8530: result: yes
configure:8530: checking for strings.h
configure:8530: gcc -c -g -O2  conftest.c >&5
configure:8530: $? = 0
configure:8530: result: yes
configure:8530: checking for sys/stat.h
configure:8530: gcc -c -g -O2  conftest.c >&5
configure:8530: $? = 0
configure:8530: result: yes
configure:8530: checking for sys/types.h
configure:8530: gcc -c -g -O2  conftest.c >&5
configure:8530: $? = 0
configure:8530: result: yes
configure:8530: checking for unistd.h
configure:8530: gcc -c -g -O2  conftest.c >&5
configure:8530: $? = 0
configure:8530: result: yes
configure:8530: checking for sys/time.h
configure:8530: gcc -c -g -O2  conftest.c >&5
configure:8530: $? = 0
configure:8530: result: yes
configure:8530: checking for vfork.h
configure:8530: gcc -c -g -O2  conftest.c >&5
conftest.c:49:10: fatal error: vfork.h: No such file or directory
   49 | #include <vfork.h>
      |          ^~~~~~~~~
compilation terminated.
configure:8530: $? = 1
configure: failed program was:
| /* confdefs.h */
| #define PACKAGE_NAME "ion"
| #define PACKAGE_TARNAME "ion"
| #define PACKAGE_VERSION "open source 4.1.1"
| #define PACKAGE_STRING "ion open source 4.1.1"
| #define PACKAGE_BUGREPORT "ion-dtn-support@lists.sourceforge.net"
| #define PACKAGE_URL ""
| #define PACKAGE "ion"
| #define VERSION "open source 4.1.1"
| #define HAVE_STDIO_H 1
| #define HAVE_STDLIB_H 1
| #define HAVE_STRING_H 1
| #define HAVE_INTTYPES_H 1
| #define HAVE_STDINT_H 1
| #define HAVE_STRINGS_H 1
| #define HAVE_SYS_STAT_H 1
| #define HAVE_SYS_TYPES_H 1
| #define HAVE_UNISTD_H 1
| #define HAVE_SYS_TIME_H 1
| /* end confdefs.h.  */
| #include <stddef.h>
| #ifdef HAVE_STDIO_H
| # include <stdio.h>
| #endif
| #ifdef HAVE_STDLIB_H
| # include <stdlib.h>
| #endif
| #ifdef HAVE_STRING_H
| # include <string.h>
| #endif
| #ifdef HAVE_INTTYPES_H
| # include <inttypes.h>
| #endif
| #ifdef HAVE_STDINT_H
| # include <stdint.h>
| #endif
| #ifdef HAVE_STRINGS_H
| # include <strings.h>
| #endif
| #ifdef HAVE_SYS_TYPES_H
| # include <sys/types.h>
| #endif
| #ifdef HAVE_SYS_STAT_H
| # include <sys/stat.h>
| #endif
| #ifdef HAVE_UNISTD_H
| # include <unistd.h>
| #endif
| #include <vfork.h>
configure:8530: result: no
configure:8555: checking for dlfcn.h
configure:8555: gcc -c -g -O2  conftest.c >&5
configure:8555: $? = 0
configure:8555: result: yes
configure:8814: checking for objdir
configure:8830: result: .libs
configure:9094: checking if gcc supports -fno-rtti -fno-exceptions
configure:9113: gcc -c -g -O2  -fno-rtti -fno-exceptions conftest.c >&5
cc1: warning: command-line option '-fno-rtti' is valid for C++/D/ObjC++ but not for C
configure:9117: $? = 0
configure:9130: result: no
configure:9494: checking for gcc option to produce PIC
configure:9502: result: -fPIC -DPIC
configure:9510: checking if gcc PIC flag -fPIC -DPIC works
configure:9529: gcc -c -g -O2  -fPIC -DPIC -DPIC conftest.c >&5
configure:9533: $? = 0
configure:9546: result: yes
configure:9575: checking if gcc static flag -static works
configure:9604: result: yes
configure:9619: checking if gcc supports -c -o file.o
configure:9641: gcc -c -g -O2  -o out/conftest2.o conftest.c >&5
configure:9645: $? = 0
configure:9667: result: yes
configure:9675: checking if gcc supports -c -o file.o
configure:9723: result: yes
configure:9756: checking whether the gcc linker (/usr/bin/ld -m elf_x86_64) supports shared libraries
configure:11026: result: yes
configure:11063: checking whether -lc should be explicitly linked in
configure:11072: gcc -c -g -O2  conftest.c >&5
configure:11075: $? = 0
configure:11090: gcc -shared  -fPIC -DPIC conftest.o  -v -Wl,-soname -Wl,conftest -o conftest 2\>\&1 \| /usr/bin/grep  -lc  \>/dev/null 2\>\&1
configure:11093: $? = 0
configure:11107: result: no
configure:11267: checking dynamic linker characteristics
configure:11849: gcc -o conftest -g -O2   -Wl,-rpath -Wl,/foo conftest.c  >&5
configure:11849: $? = 0
configure:12100: result: GNU/Linux ld.so
configure:12222: checking how to hardcode library paths into programs
configure:12247: result: immediate
configure:12799: checking whether stripping libraries is possible
configure:12804: result: yes
configure:12839: checking if libtool supports shared libraries
configure:12841: result: yes
configure:12844: checking whether to build shared libraries
configure:12869: result: yes
configure:12872: checking whether to build static libraries
configure:12876: result: yes
configure:12914: checking whether make sets $(MAKE)
configure:12937: result: yes
configure:12951: checking for pow
configure:12951: gcc -o conftest -g -O2   conftest.c  >&5
conftest.c:40:6: warning: conflicting types for built-in function 'pow'; expected 'double(double,  double)' [-Wbuiltin-declaration-mismatch]
   40 | char pow ();
      |      ^~~
conftest.c:32:1: note: 'pow' is declared in header '<math.h>'
   31 | #include <limits.h>
   32 | #undef pow
/usr/bin/ld: /tmp/ccX6onHb.o: in function `main':
/home/samo/Workdir/solarnetone-ion-experimental/conftest.c:51: undefined reference to `pow'
collect2: error: ld returned 1 exit status
configure:12951: $? = 1
configure: failed program was:
| /* confdefs.h */
| #define PACKAGE_NAME "ion"
| #define PACKAGE_TARNAME "ion"
| #define PACKAGE_VERSION "open source 4.1.1"
| #define PACKAGE_STRING "ion open source 4.1.1"
| #define PACKAGE_BUGREPORT "ion-dtn-support@lists.sourceforge.net"
| #define PACKAGE_URL ""
| #define PACKAGE "ion"
| #define VERSION "open source 4.1.1"
| #define HAVE_STDIO_H 1
| #define HAVE_STDLIB_H 1
| #define HAVE_STRING_H 1
| #define HAVE_INTTYPES_H 1
| #define HAVE_STDINT_H 1
| #define HAVE_STRINGS_H 1
| #define HAVE_SYS_STAT_H 1
| #define HAVE_SYS_TYPES_H 1
| #define HAVE_UNISTD_H 1
| #define HAVE_SYS_TIME_H 1
| #define STDC_HEADERS 1
| #define HAVE_DLFCN_H 1
| #define LT_OBJDIR ".libs/"
| /* end confdefs.h.  */
| /* Define pow to an innocuous variant, in case <limits.h> declares pow.
|    For example, HP-UX 11i <limits.h> declares gettimeofday.  */
| #define pow innocuous_pow
| 
| /* System header to define __stub macros and hopefully few prototypes,
|    which can conflict with char pow (); below.  */
| 
| #include <limits.h>
| #undef pow
| 
| /* Override any GCC internal prototype to avoid an error.
|    Use char because int might match the return type of a GCC
|    builtin and then its argument prototype would still apply.  */
| #ifdef __cplusplus
| extern "C"
| #endif
| char pow ();
| /* The GNU C library defines this for functions which it implements
|     to always fail with ENOSYS.  Some functions are actually named
|     something starting with __ and the normal name is an alias.  */
| #if defined __stub_pow || defined __stub___pow
| choke me
| #endif
| 
| int
| main (void)
| {
| return pow ();
|   ;
|   return 0;
| }
configure:12951: result: no
configure:13005: checking for DCCP support
configure:13092: gcc -o conftest -g -O2   conftest.c  >&5
configure:13092: $? = 0
configure:13092: ./conftest
configure:13092: $? = 0
configure:13094: result: yes
configure:13556: checking for valgrind/valgrind.h
configure:13556: gcc -c -g -O2 -DNOEXPAT  conftest.c >&5
conftest.c:55:10: fatal error: valgrind/valgrind.h: No such file or directory
   55 | #include <valgrind/valgrind.h>
      |          ^~~~~~~~~~~~~~~~~~~~~
compilation terminated.
configure:13556: $? = 1
configure: failed program was:
| /* confdefs.h */
| #define PACKAGE_NAME "ion"
| #define PACKAGE_TARNAME "ion"
| #define PACKAGE_VERSION "open source 4.1.1"
| #define PACKAGE_STRING "ion open source 4.1.1"
| #define PACKAGE_BUGREPORT "ion-dtn-support@lists.sourceforge.net"
| #define PACKAGE_URL ""
| #define PACKAGE "ion"
| #define VERSION "open source 4.1.1"
| #define HAVE_STDIO_H 1
| #define HAVE_STDLIB_H 1
| #define HAVE_STRING_H 1
| #define HAVE_INTTYPES_H 1
| #define HAVE_STDINT_H 1
| #define HAVE_STRINGS_H 1
| #define HAVE_SYS_STAT_H 1
| #define HAVE_SYS_TYPES_H 1
| #define HAVE_UNISTD_H 1
| #define HAVE_SYS_TIME_H 1
| #define STDC_HEADERS 1
| #define HAVE_DLFCN_H 1
| #define LT_OBJDIR ".libs/"
| #define linux 1
| #define build_dccp 1
| #define UNIBO_CGR 0
| /* end confdefs.h.  */
| #include <stddef.h>
| #ifdef HAVE_STDIO_H
| # include <stdio.h>
| #endif
| #ifdef HAVE_STDLIB_H
| # include <stdlib.h>
| #endif
| #ifdef HAVE_STRING_H
| # include <string.h>
| #endif
| #ifdef HAVE_INTTYPES_H
| # include <inttypes.h>
| #endif
| #ifdef HAVE_STDINT_H
| # include <stdint.h>
| #endif
| #ifdef HAVE_STRINGS_H
| # include <strings.h>
| #endif
| #ifdef HAVE_SYS_TYPES_H
| # include <sys/types.h>
| #endif
| #ifdef HAVE_SYS_STAT_H
| # include <sys/stat.h>
| #endif
| #ifdef HAVE_UNISTD_H
| # include <unistd.h>
| #endif
| #include <valgrind/valgrind.h>
configure:13556: result: no
configure:13701: checking for XML_GetCurrentLineNumber in -lexpat
configure:13724: gcc -o conftest  -Dlinux -DSPACE_ORDER=3 -fno-strict-aliasing -DVNAME=ION-OPEN-SOURCE-4.1.1 -DBUILD_BPv7 -DENABLE_IMC -DENABLE_MANPAGES -g -O2 -DNOEXPAT   conftest.c -lexpat   >&5
/usr/bin/ld: cannot find -lexpat: No such file or directory
collect2: error: ld returned 1 exit status
configure:13724: $? = 1
configure: failed program was:
| /* confdefs.h */
| #define PACKAGE_NAME "ion"
| #define PACKAGE_TARNAME "ion"
| #define PACKAGE_VERSION "open source 4.1.1"
| #define PACKAGE_STRING "ion open source 4.1.1"
| #define PACKAGE_BUGREPORT "ion-dtn-support@lists.sourceforge.net"
| #define PACKAGE_URL ""
| #define PACKAGE "ion"
| #define VERSION "open source 4.1.1"
| #define HAVE_STDIO_H 1
| #define HAVE_STDLIB_H 1
| #define HAVE_STRING_H 1
| #define HAVE_INTTYPES_H 1
| #define HAVE_STDINT_H 1
| #define HAVE_STRINGS_H 1
| #define HAVE_SYS_STAT_H 1
| #define HAVE_SYS_TYPES_H 1
| #define HAVE_UNISTD_H 1
| #define HAVE_SYS_TIME_H 1
| #define STDC_HEADERS 1
| #define HAVE_DLFCN_H 1
| #define LT_OBJDIR ".libs/"
| #define linux 1
| #define build_dccp 1
| #define UNIBO_CGR 0
| /* end confdefs.h.  */
| 
| /* Override any GCC internal prototype to avoid an error.
|    Use char because int might match the return type of a GCC
|    builtin and then its argument prototype would still apply.  */
| char XML_GetCurrentLineNumber ();
| int
| main (void)
| {
| return XML_GetCurrentLineNumber ();
|   ;
|   return 0;
| }
configure:13734: result: no
configure:13744: WARNING: If you wish to use XML configuration files for AMS you will need to compile against the Expat XML development libraries.  To do this install the libexpat1-dev library then recompile ION using the "./configure --with-expat" flag.
configure:13751: checking for pthread_create in -lpthread
configure:13774: gcc -o conftest  -Dlinux -DSPACE_ORDER=3 -fno-strict-aliasing -DVNAME=ION-OPEN-SOURCE-4.1.1 -DBUILD_BPv7 -DENABLE_IMC -DENABLE_MANPAGES -g -O2 -DNOEXPAT   conftest.c -lpthread   >&5
configure:13774: $? = 0
configure:13784: result: yes
configure:13796: checking for mysql_real_connect in -lmysqlclient
configure:13819: gcc -o conftest -g -O2 -DNOEXPAT   conftest.c -lmysqlclient   >&5
/usr/bin/ld: cannot find -lmysqlclient: No such file or directory
collect2: error: ld returned 1 exit status
configure:13819: $? = 1
configure: failed program was:
| /* confdefs.h */
| #define PACKAGE_NAME "ion"
| #define PACKAGE_TARNAME "ion"
| #define PACKAGE_VERSION "open source 4.1.1"
| #define PACKAGE_STRING "ion open source 4.1.1"
| #define PACKAGE_BUGREPORT "ion-dtn-support@lists.sourceforge.net"
| #define PACKAGE_URL ""
| #define PACKAGE "ion"
| #define VERSION "open source 4.1.1"
| #define HAVE_STDIO_H 1
| #define HAVE_STDLIB_H 1
| #define HAVE_STRING_H 1
| #define HAVE_INTTYPES_H 1
| #define HAVE_STDINT_H 1
| #define HAVE_STRINGS_H 1
| #define HAVE_SYS_STAT_H 1
| #define HAVE_SYS_TYPES_H 1
| #define HAVE_UNISTD_H 1
| #define HAVE_SYS_TIME_H 1
| #define STDC_HEADERS 1
| #define HAVE_DLFCN_H 1
| #define LT_OBJDIR ".libs/"
| #define linux 1
| #define build_dccp 1
| #define UNIBO_CGR 0
| /* end confdefs.h.  */
| 
| /* Override any GCC internal prototype to avoid an error.
|    Use char because int might match the return type of a GCC
|    builtin and then its argument prototype would still apply.  */
| char mysql_real_connect ();
| int
| main (void)
| {
| return mysql_real_connect ();
|   ;
|   return 0;
| }
configure:13829: result: no
configure:13839: WARNING: If you wish to use MySQL for NM you will need to install the libmysqlclient.
configure:13846: checking for initscr in -lncurses
configure:13869: gcc -o conftest -g -O2 -DNOEXPAT   conftest.c -lncurses   >&5
/usr/bin/ld: cannot find -lncurses: No such file or directory
collect2: error: ld returned 1 exit status
configure:13869: $? = 1
configure: failed program was:
| /* confdefs.h */
| #define PACKAGE_NAME "ion"
| #define PACKAGE_TARNAME "ion"
| #define PACKAGE_VERSION "open source 4.1.1"
| #define PACKAGE_STRING "ion open source 4.1.1"
| #define PACKAGE_BUGREPORT "ion-dtn-support@lists.sourceforge.net"
| #define PACKAGE_URL ""
| #define PACKAGE "ion"
| #define VERSION "open source 4.1.1"
| #define HAVE_STDIO_H 1
| #define HAVE_STDLIB_H 1
| #define HAVE_STRING_H 1
| #define HAVE_INTTYPES_H 1
| #define HAVE_STDINT_H 1
| #define HAVE_STRINGS_H 1
| #define HAVE_SYS_STAT_H 1
| #define HAVE_SYS_TYPES_H 1
| #define HAVE_UNISTD_H 1
| #define HAVE_SYS_TIME_H 1
| #define STDC_HEADERS 1
| #define HAVE_DLFCN_H 1
| #define LT_OBJDIR ".libs/"
| #define linux 1
| #define build_dccp 1
| #define UNIBO_CGR 0
| /* end confdefs.h.  */
| 
| /* Override any GCC internal prototype to avoid an error.
|    Use char because int might match the return type of a GCC
|    builtin and then its argument prototype would still apply.  */
| char initscr ();
| int
| main (void)
| {
| return initscr ();
|   ;
|   return 0;
| }
configure:13879: result: no
configure:13889: WARNING: If you wish to use the NCURSES TUI for NM you will need to install the NCURSES library.
configure:13901: checking for pod2man
configure:13922: found /usr/bin/pod2man
configure:13933: result: pod2man
configure:13955: checking for ps2pdf
configure:13978: found /usr/bin/ps2pdf
configure:13990: result: /usr/bin/ps2pdf
configure:14000: checking for pdf2ps
configure:14023: found /usr/bin/pdf2ps
configure:14035: result: /usr/bin/pdf2ps
configure:14045: checking for psjoin
configure:14083: result: no
configure:14090: checking for pdfjoin
configure:14128: result: no
configure:14133: checking for fallback included psjoin
configure:14137: result: /home/samo/Workdir/solarnetone-ion-experimental/doc/psjoin
configure:14143: checking for fallback included pdfjoin
configure:14147: result: /home/samo/Workdir/solarnetone-ion-experimental/doc/pdfjoin
configure:14155: checking for groff
configure:14178: found /usr/bin/groff
configure:14190: result: /usr/bin/groff
configure:14198: checking if groff suports -ms
configure:14205: result: not found
configure:14207: try installing groff and the ms plugin
configure:14215: checking for man
configure:14238: found /usr/bin/man
configure:14250: result: /usr/bin/man
configure:14258: checking if man supports -l
configure:14261: result: /usr/bin/man
configure:14273: checking for tools to build autodoc
configure:14282: result: not found (skipping autodoc)
configure:14284: Ensure the ghostscript, psutils, groff-base and groff packages are installed.
configure:14303: checking for dirent.h that defines DIR
configure:14323: gcc -c -g -O2 -DNOEXPAT   conftest.c >&5
configure:14323: $? = 0
configure:14332: result: yes
configure:14346: checking for library containing opendir
configure:14376: gcc -o conftest -g -O2 -DNOEXPAT    conftest.c  >&5
configure:14376: $? = 0
configure:14396: result: none required
configure:14470: checking for egrep
configure:14538: result: /usr/bin/grep -E
configure:14544: checking for sys/wait.h that is POSIX.1 compatible
configure:14571: gcc -c -g -O2 -DNOEXPAT   conftest.c >&5
configure:14571: $? = 0
configure:14579: result: yes
configure:14587: checking for fcntl.h
configure:14587: gcc -c -g -O2 -DNOEXPAT   conftest.c >&5
configure:14587: $? = 0
configure:14587: result: yes
configure:14593: checking for malloc.h
configure:14593: gcc -c -g -O2 -DNOEXPAT   conftest.c >&5
configure:14593: $? = 0
configure:14593: result: yes
configure:14599: checking for netdb.h
configure:14599: gcc -c -g -O2 -DNOEXPAT   conftest.c >&5
configure:14599: $? = 0
configure:14599: result: yes
configure:14605: checking for netinet/in.h
configure:14605: gcc -c -g -O2 -DNOEXPAT   conftest.c >&5
configure:14605: $? = 0
configure:14605: result: yes
configure:14611: checking for stddef.h
configure:14611: gcc -c -g -O2 -DNOEXPAT   conftest.c >&5
configure:14611: $? = 0
configure:14611: result: yes
configure:14617: checking for stdlib.h
configure:14617: result: yes
configure:14623: checking for string.h
configure:14623: result: yes
configure:14629: checking for sys/ioctl.h
configure:14629: gcc -c -g -O2 -DNOEXPAT   conftest.c >&5
configure:14629: $? = 0
configure:14629: result: yes
configure:14635: checking for sys/param.h
configure:14635: gcc -c -g -O2 -DNOEXPAT   conftest.c >&5
configure:14635: $? = 0
configure:14635: result: yes
configure:14641: checking for sys/socket.h
configure:14641: gcc -c -g -O2 -DNOEXPAT   conftest.c >&5
configure:14641: $? = 0
configure:14641: result: yes
configure:14647: checking for sys/time.h
configure:14647: result: yes
configure:14653: checking for unistd.h
configure:14653: result: yes
configure:14661: checking for an ANSI C-conforming const
configure:14728: gcc -c -g -O2 -DNOEXPAT   conftest.c >&5
configure:14728: $? = 0
configure:14736: result: yes
configure:14744: checking for size_t
configure:14744: gcc -c -g -O2 -DNOEXPAT   conftest.c >&5
configure:14744: $? = 0
configure:14744: gcc -c -g -O2 -DNOEXPAT   conftest.c >&5
conftest.c: In function 'main':
conftest.c:72:21: error: expected expression before ')' token
   72 | if (sizeof ((size_t)))
      |                     ^
configure:14744: $? = 1
configure: failed program was:
| /* confdefs.h */
| #define PACKAGE_NAME "ion"
| #define PACKAGE_TARNAME "ion"
| #define PACKAGE_VERSION "open source 4.1.1"
| #define PACKAGE_STRING "ion open source 4.1.1"
| #define PACKAGE_BUGREPORT "ion-dtn-support@lists.sourceforge.net"
| #define PACKAGE_URL ""
| #define PACKAGE "ion"
| #define VERSION "open source 4.1.1"
| #define HAVE_STDIO_H 1
| #define HAVE_STDLIB_H 1
| #define HAVE_STRING_H 1
| #define HAVE_INTTYPES_H 1
| #define HAVE_STDINT_H 1
| #define HAVE_STRINGS_H 1
| #define HAVE_SYS_STAT_H 1
| #define HAVE_SYS_TYPES_H 1
| #define HAVE_UNISTD_H 1
| #define HAVE_SYS_TIME_H 1
| #define STDC_HEADERS 1
| #define HAVE_DLFCN_H 1
| #define LT_OBJDIR ".libs/"
| #define linux 1
| #define build_dccp 1
| #define UNIBO_CGR 0
| #define HAVE_DIRENT_H 1
| #define HAVE_SYS_WAIT_H 1
| #define HAVE_FCNTL_H 1
| #define HAVE_MALLOC_H 1
| #define HAVE_NETDB_H 1
| #define HAVE_NETINET_IN_H 1
| #define HAVE_STDDEF_H 1
| #define HAVE_STDLIB_H 1
| #define HAVE_STRING_H 1
| #define HAVE_SYS_IOCTL_H 1
| #define HAVE_SYS_PARAM_H 1
| #define HAVE_SYS_SOCKET_H 1
| #define HAVE_SYS_TIME_H 1
| #define HAVE_UNISTD_H 1
| /* end confdefs.h.  */
| #include <stddef.h>
| #ifdef HAVE_STDIO_H
| # include <stdio.h>
| #endif
| #ifdef HAVE_STDLIB_H
| # include <stdlib.h>
| #endif
| #ifdef HAVE_STRING_H
| # include <string.h>
| #endif
| #ifdef HAVE_INTTYPES_H
| # include <inttypes.h>
| #endif
| #ifdef HAVE_STDINT_H
| # include <stdint.h>
| #endif
| #ifdef HAVE_STRINGS_H
| # include <strings.h>
| #endif
| #ifdef HAVE_SYS_TYPES_H
| # include <sys/types.h>
| #endif
| #ifdef HAVE_SYS_STAT_H
| # include <sys/stat.h>
| #endif
| #ifdef HAVE_UNISTD_H
| # include <unistd.h>
| #endif
| int
| main (void)
| {
| if (sizeof ((size_t)))
| 	    return 0;
|   ;
|   return 0;
| }
configure:14744: result: yes
configure:14764: checking whether struct tm is in sys/time.h or time.h
configure:14785: gcc -c -g -O2 -DNOEXPAT   conftest.c >&5
configure:14785: $? = 0
configure:14793: result: time.h
configure:14806: checking how to run the C preprocessor
configure:14832: gcc -E  conftest.c
configure:14832: $? = 0
configure:14847: gcc -E  conftest.c
conftest.c:42:10: fatal error: ac_nonexistent.h: No such file or directory
   42 | #include <ac_nonexistent.h>
      |          ^~~~~~~~~~~~~~~~~~
compilation terminated.
configure:14847: $? = 1
configure: failed program was:
| /* confdefs.h */
| #define PACKAGE_NAME "ion"
| #define PACKAGE_TARNAME "ion"
| #define PACKAGE_VERSION "open source 4.1.1"
| #define PACKAGE_STRING "ion open source 4.1.1"
| #define PACKAGE_BUGREPORT "ion-dtn-support@lists.sourceforge.net"
| #define PACKAGE_URL ""
| #define PACKAGE "ion"
| #define VERSION "open source 4.1.1"
| #define HAVE_STDIO_H 1
| #define HAVE_STDLIB_H 1
| #define HAVE_STRING_H 1
| #define HAVE_INTTYPES_H 1
| #define HAVE_STDINT_H 1
| #define HAVE_STRINGS_H 1
| #define HAVE_SYS_STAT_H 1
| #define HAVE_SYS_TYPES_H 1
| #define HAVE_UNISTD_H 1
| #define HAVE_SYS_TIME_H 1
| #define STDC_HEADERS 1
| #define HAVE_DLFCN_H 1
| #define LT_OBJDIR ".libs/"
| #define linux 1
| #define build_dccp 1
| #define UNIBO_CGR 0
| #define HAVE_DIRENT_H 1
| #define HAVE_SYS_WAIT_H 1
| #define HAVE_FCNTL_H 1
| #define HAVE_MALLOC_H 1
| #define HAVE_NETDB_H 1
| #define HAVE_NETINET_IN_H 1
| #define HAVE_STDDEF_H 1
| #define HAVE_STDLIB_H 1
| #define HAVE_STRING_H 1
| #define HAVE_SYS_IOCTL_H 1
| #define HAVE_SYS_PARAM_H 1
| #define HAVE_SYS_SOCKET_H 1
| #define HAVE_SYS_TIME_H 1
| #define HAVE_UNISTD_H 1
| #define TIME_WITH_SYS_TIME 1
| /* end confdefs.h.  */
| #include <ac_nonexistent.h>
configure:14874: result: gcc -E
configure:14888: gcc -E  conftest.c
configure:14888: $? = 0
configure:14903: gcc -E  conftest.c
conftest.c:42:10: fatal error: ac_nonexistent.h: No such file or directory
   42 | #include <ac_nonexistent.h>
      |          ^~~~~~~~~~~~~~~~~~
compilation terminated.
configure:14903: $? = 1
configure: failed program was:
| /* confdefs.h */
| #define PACKAGE_NAME "ion"
| #define PACKAGE_TARNAME "ion"
| #define PACKAGE_VERSION "open source 4.1.1"
| #define PACKAGE_STRING "ion open source 4.1.1"
| #define PACKAGE_BUGREPORT "ion-dtn-support@lists.sourceforge.net"
| #define PACKAGE_URL ""
| #define PACKAGE "ion"
| #define VERSION "open source 4.1.1"
| #define HAVE_STDIO_H 1
| #define HAVE_STDLIB_H 1
| #define HAVE_STRING_H 1
| #define HAVE_INTTYPES_H 1
| #define HAVE_STDINT_H 1
| #define HAVE_STRINGS_H 1
| #define HAVE_SYS_STAT_H 1
| #define HAVE_SYS_TYPES_H 1
| #define HAVE_UNISTD_H 1
| #define HAVE_SYS_TIME_H 1
| #define STDC_HEADERS 1
| #define HAVE_DLFCN_H 1
| #define LT_OBJDIR ".libs/"
| #define linux 1
| #define build_dccp 1
| #define UNIBO_CGR 0
| #define HAVE_DIRENT_H 1
| #define HAVE_SYS_WAIT_H 1
| #define HAVE_FCNTL_H 1
| #define HAVE_MALLOC_H 1
| #define HAVE_NETDB_H 1
| #define HAVE_NETINET_IN_H 1
| #define HAVE_STDDEF_H 1
| #define HAVE_STDLIB_H 1
| #define HAVE_STRING_H 1
| #define HAVE_SYS_IOCTL_H 1
| #define HAVE_SYS_PARAM_H 1
| #define HAVE_SYS_SOCKET_H 1
| #define HAVE_SYS_TIME_H 1
| #define HAVE_UNISTD_H 1
| #define TIME_WITH_SYS_TIME 1
| /* end confdefs.h.  */
| #include <ac_nonexistent.h>
configure:14934: checking for uid_t in sys/types.h
configure:14955: result: yes
configure:14971: checking for pid_t
configure:14971: gcc -c -g -O2 -DNOEXPAT   conftest.c >&5
configure:14971: $? = 0
configure:14971: gcc -c -g -O2 -DNOEXPAT   conftest.c >&5
conftest.c: In function 'main':
conftest.c:74:20: error: expected expression before ')' token
   74 | if (sizeof ((pid_t)))
      |                    ^
configure:14971: $? = 1
configure: failed program was:
| /* confdefs.h */
| #define PACKAGE_NAME "ion"
| #define PACKAGE_TARNAME "ion"
| #define PACKAGE_VERSION "open source 4.1.1"
| #define PACKAGE_STRING "ion open source 4.1.1"
| #define PACKAGE_BUGREPORT "ion-dtn-support@lists.sourceforge.net"
| #define PACKAGE_URL ""
| #define PACKAGE "ion"
| #define VERSION "open source 4.1.1"
| #define HAVE_STDIO_H 1
| #define HAVE_STDLIB_H 1
| #define HAVE_STRING_H 1
| #define HAVE_INTTYPES_H 1
| #define HAVE_STDINT_H 1
| #define HAVE_STRINGS_H 1
| #define HAVE_SYS_STAT_H 1
| #define HAVE_SYS_TYPES_H 1
| #define HAVE_UNISTD_H 1
| #define HAVE_SYS_TIME_H 1
| #define STDC_HEADERS 1
| #define HAVE_DLFCN_H 1
| #define LT_OBJDIR ".libs/"
| #define linux 1
| #define build_dccp 1
| #define UNIBO_CGR 0
| #define HAVE_DIRENT_H 1
| #define HAVE_SYS_WAIT_H 1
| #define HAVE_FCNTL_H 1
| #define HAVE_MALLOC_H 1
| #define HAVE_NETDB_H 1
| #define HAVE_NETINET_IN_H 1
| #define HAVE_STDDEF_H 1
| #define HAVE_STDLIB_H 1
| #define HAVE_STRING_H 1
| #define HAVE_SYS_IOCTL_H 1
| #define HAVE_SYS_PARAM_H 1
| #define HAVE_SYS_SOCKET_H 1
| #define HAVE_SYS_TIME_H 1
| #define HAVE_UNISTD_H 1
| #define TIME_WITH_SYS_TIME 1
| /* end confdefs.h.  */
| #include <stddef.h>
| #ifdef HAVE_STDIO_H
| # include <stdio.h>
| #endif
| #ifdef HAVE_STDLIB_H
| # include <stdlib.h>
| #endif
| #ifdef HAVE_STRING_H
| # include <string.h>
| #endif
| #ifdef HAVE_INTTYPES_H
| # include <inttypes.h>
| #endif
| #ifdef HAVE_STDINT_H
| # include <stdint.h>
| #endif
| #ifdef HAVE_STRINGS_H
| # include <strings.h>
| #endif
| #ifdef HAVE_SYS_TYPES_H
| # include <sys/types.h>
| #endif
| #ifdef HAVE_SYS_STAT_H
| # include <sys/stat.h>
| #endif
| #ifdef HAVE_UNISTD_H
| # include <unistd.h>
| #endif
| 
| int
| main (void)
| {
| if (sizeof ((pid_t)))
| 	    return 0;
|   ;
|   return 0;
| }
configure:14971: result: yes
configure:15012: checking for fork
configure:15012: gcc -o conftest -g -O2 -DNOEXPAT    conftest.c  >&5
conftest.c:58:6: warning: conflicting types for built-in function 'fork'; expected 'int(void)' [-Wbuiltin-declaration-mismatch]
   58 | char fork ();
      |      ^~~~
configure:15012: $? = 0
configure:15012: result: yes
configure:15012: checking for vfork
configure:15012: gcc -o conftest -g -O2 -DNOEXPAT    conftest.c  >&5
configure:15012: $? = 0
configure:15012: result: yes
configure:15025: checking for working fork
configure:15049: gcc -o conftest -g -O2 -DNOEXPAT    conftest.c  >&5
configure:15049: $? = 0
configure:15049: ./conftest
configure:15049: $? = 0
configure:15060: result: yes
configure:15081: checking for working vfork
configure:15210: result: yes
configure:15236: checking whether gcc needs -traditional
configure:15273: result: no
configure:15284: checking return type of signal handlers
configure:15303: gcc -c -g -O2 -DNOEXPAT   conftest.c >&5
conftest.c: In function 'main':
conftest.c:52:10: error: void value not ignored as it ought to be
   52 | return *(signal (0, 0)) (0) == 1;
      |         ~^~~~~~~~~~~~~~~~~~
configure:15303: $? = 1
configure: failed program was:
| /* confdefs.h */
| #define PACKAGE_NAME "ion"
| #define PACKAGE_TARNAME "ion"
| #define PACKAGE_VERSION "open source 4.1.1"
| #define PACKAGE_STRING "ion open source 4.1.1"
| #define PACKAGE_BUGREPORT "ion-dtn-support@lists.sourceforge.net"
| #define PACKAGE_URL ""
| #define PACKAGE "ion"
| #define VERSION "open source 4.1.1"
| #define HAVE_STDIO_H 1
| #define HAVE_STDLIB_H 1
| #define HAVE_STRING_H 1
| #define HAVE_INTTYPES_H 1
| #define HAVE_STDINT_H 1
| #define HAVE_STRINGS_H 1
| #define HAVE_SYS_STAT_H 1
| #define HAVE_SYS_TYPES_H 1
| #define HAVE_UNISTD_H 1
| #define HAVE_SYS_TIME_H 1
| #define STDC_HEADERS 1
| #define HAVE_DLFCN_H 1
| #define LT_OBJDIR ".libs/"
| #define linux 1
| #define build_dccp 1
| #define UNIBO_CGR 0
| #define HAVE_DIRENT_H 1
| #define HAVE_SYS_WAIT_H 1
| #define HAVE_FCNTL_H 1
| #define HAVE_MALLOC_H 1
| #define HAVE_NETDB_H 1
| #define HAVE_NETINET_IN_H 1
| #define HAVE_STDDEF_H 1
| #define HAVE_STDLIB_H 1
| #define HAVE_STRING_H 1
| #define HAVE_SYS_IOCTL_H 1
| #define HAVE_SYS_PARAM_H 1
| #define HAVE_SYS_SOCKET_H 1
| #define HAVE_SYS_TIME_H 1
| #define HAVE_UNISTD_H 1
| #define TIME_WITH_SYS_TIME 1
| #define HAVE_FORK 1
| #define HAVE_VFORK 1
| #define HAVE_WORKING_VFORK 1
| #define HAVE_WORKING_FORK 1
| /* end confdefs.h.  */
| #include <sys/types.h>
| #include <signal.h>
| 
| int
| main (void)
| {
| return *(signal (0, 0)) (0) == 1;
|   ;
|   return 0;
| }
configure:15311: result: void
configure:15319: checking for alarm
configure:15319: gcc -o conftest -g -O2 -DNOEXPAT    conftest.c  >&5
configure:15319: $? = 0
configure:15319: result: yes
configure:15325: checking for ftruncate
configure:15325: gcc -o conftest -g -O2 -DNOEXPAT    conftest.c  >&5
configure:15325: $? = 0
configure:15325: result: yes
configure:15331: checking for getcwd
configure:15331: gcc -o conftest -g -O2 -DNOEXPAT    conftest.c  >&5
configure:15331: $? = 0
configure:15331: result: yes
configure:15337: checking for gethostbyaddr
configure:15337: gcc -o conftest -g -O2 -DNOEXPAT    conftest.c  >&5
configure:15337: $? = 0
configure:15337: result: yes
configure:15343: checking for gethostbyname
configure:15343: gcc -o conftest -g -O2 -DNOEXPAT    conftest.c  >&5
configure:15343: $? = 0
configure:15343: result: yes
configure:15349: checking for gethostname
configure:15349: gcc -o conftest -g -O2 -DNOEXPAT    conftest.c  >&5
configure:15349: $? = 0
configure:15349: result: yes
configure:15355: checking for gettimeofday
configure:15355: gcc -o conftest -g -O2 -DNOEXPAT    conftest.c  >&5
configure:15355: $? = 0
configure:15355: result: yes
configure:15361: checking for memset
configure:15361: gcc -o conftest -g -O2 -DNOEXPAT    conftest.c  >&5
conftest.c:70:6: warning: conflicting types for built-in function 'memset'; expected 'void *(void *, int,  long unsigned int)' [-Wbuiltin-declaration-mismatch]
   70 | char memset ();
      |      ^~~~~~
conftest.c:62:1: note: 'memset' is declared in header '<string.h>'
   61 | #include <limits.h>
   62 | #undef memset
configure:15361: $? = 0
configure:15361: result: yes
configure:15367: checking for mkdir
configure:15367: gcc -o conftest -g -O2 -DNOEXPAT    conftest.c  >&5
configure:15367: $? = 0
configure:15367: result: yes
configure:15373: checking for mkfifo
configure:15373: gcc -o conftest -g -O2 -DNOEXPAT    conftest.c  >&5
configure:15373: $? = 0
configure:15373: result: yes
configure:15379: checking for rmdir
configure:15379: gcc -o conftest -g -O2 -DNOEXPAT    conftest.c  >&5
configure:15379: $? = 0
configure:15379: result: yes
configure:15385: checking for select
configure:15385: gcc -o conftest -g -O2 -DNOEXPAT    conftest.c  >&5
configure:15385: $? = 0
configure:15385: result: yes
configure:15391: checking for socket
configure:15391: gcc -o conftest -g -O2 -DNOEXPAT    conftest.c  >&5
configure:15391: $? = 0
configure:15391: result: yes
configure:15397: checking for strcasecmp
configure:15397: gcc -o conftest -g -O2 -DNOEXPAT    conftest.c  >&5
conftest.c:76:6: warning: conflicting types for built-in function 'strcasecmp'; expected 'int(const char *, const char *)' [-Wbuiltin-declaration-mismatch]
   76 | char strcasecmp ();
      |      ^~~~~~~~~~
configure:15397: $? = 0
configure:15397: result: yes
configure:15403: checking for strchr
configure:15403: gcc -o conftest -g -O2 -DNOEXPAT    conftest.c  >&5
conftest.c:77:6: warning: conflicting types for built-in function 'strchr'; expected 'char *(const char *, int)' [-Wbuiltin-declaration-mismatch]
   77 | char strchr ();
      |      ^~~~~~
conftest.c:69:1: note: 'strchr' is declared in header '<string.h>'
   68 | #include <limits.h>
   69 | #undef strchr
configure:15403: $? = 0
configure:15403: result: yes
configure:15409: checking for strerror
configure:15409: gcc -o conftest -g -O2 -DNOEXPAT    conftest.c  >&5
configure:15409: $? = 0
configure:15409: result: yes
configure:15415: checking for strncasecmp
configure:15415: gcc -o conftest -g -O2 -DNOEXPAT    conftest.c  >&5
conftest.c:79:6: warning: conflicting types for built-in function 'strncasecmp'; expected 'int(const char *, const char *, long unsigned int)' [-Wbuiltin-declaration-mismatch]
   79 | char strncasecmp ();
      |      ^~~~~~~~~~~
configure:15415: $? = 0
configure:15415: result: yes
configure:15421: checking for strstr
configure:15421: gcc -o conftest -g -O2 -DNOEXPAT    conftest.c  >&5
conftest.c:80:6: warning: conflicting types for built-in function 'strstr'; expected 'char *(const char *, const char *)' [-Wbuiltin-declaration-mismatch]
   80 | char strstr ();
      |      ^~~~~~
conftest.c:72:1: note: 'strstr' is declared in header '<string.h>'
   71 | #include <limits.h>
   72 | #undef strstr
configure:15421: $? = 0
configure:15421: result: yes
configure:15427: checking for strtoul
configure:15427: gcc -o conftest -g -O2 -DNOEXPAT    conftest.c  >&5
configure:15427: $? = 0
configure:15427: result: yes
configure:15433: checking for uname
configure:15433: gcc -o conftest -g -O2 -DNOEXPAT    conftest.c  >&5
configure:15433: $? = 0
configure:15433: result: yes
configure:15595: checking that generated files are newer than configure
configure:15601: result: done
configure:15712: creating ./config.status

## ---------------------- ##
## Running config.status. ##
## ---------------------- ##

This file was extended by ion config.status open source 4.1.1, which was
generated by GNU Autoconf 2.71.  Invocation command line was

  CONFIG_FILES    = 
  CONFIG_HEADERS  = 
  CONFIG_LINKS    = 
  CONFIG_COMMANDS = 
  $ ./config.status 

on samo-ThinkPad-X1-Carbon-5th

config.status:1184: creating Makefile
config.status:1184: creating contrib/Makefile
config.status:1184: creating config.h
config.status:1365: config.h is unchanged
config.status:1413: executing depfiles commands
config.status:1490: cd .       && sed -e '/# am--include-marker/d' Makefile         | make -f - am--depfiles
make: Nothing to be done for 'am--depfiles'.
config.status:1495: $? = 0
config.status:1490: cd contrib       && sed -e '/# am--include-marker/d' Makefile         | make -f - am--depfiles
make: Nothing to be done for 'am--depfiles'.
config.status:1495: $? = 0
config.status:1413: executing libtool commands

## ---------------- ##
## Cache variables. ##
## ---------------- ##

ac_cv_build=x86_64-pc-linux-gnu
ac_cv_c_compiler_gnu=yes
ac_cv_c_const=yes
ac_cv_env_CC_set=
ac_cv_env_CC_value=
ac_cv_env_CFLAGS_set=
ac_cv_env_CFLAGS_value=
ac_cv_env_CPPFLAGS_set=
ac_cv_env_CPPFLAGS_value=
ac_cv_env_CPP_set=
ac_cv_env_CPP_value=
ac_cv_env_LDFLAGS_set=
ac_cv_env_LDFLAGS_value=
ac_cv_env_LIBS_set=
ac_cv_env_LIBS_value=
ac_cv_env_LT_SYS_LIBRARY_PATH_set=
ac_cv_env_LT_SYS_LIBRARY_PATH_value=
ac_cv_env_build_alias_set=
ac_cv_env_build_alias_value=
ac_cv_env_host_alias_set=
ac_cv_env_host_alias_value=
ac_cv_env_target_alias_set=
ac_cv_env_target_alias_value=
ac_cv_func_alarm=yes
ac_cv_func_fork=yes
ac_cv_func_fork_works=yes
ac_cv_func_ftruncate=yes
ac_cv_func_getcwd=yes
ac_cv_func_gethostbyaddr=yes
ac_cv_func_gethostbyname=yes
ac_cv_func_gethostname=yes
ac_cv_func_gettimeofday=yes
ac_cv_func_memset=yes
ac_cv_func_mkdir=yes
ac_cv_func_mkfifo=yes
ac_cv_func_pow=no
ac_cv_func_rmdir=yes
ac_cv_func_select=yes
ac_cv_func_socket=yes
ac_cv_func_strcasecmp=yes
ac_cv_func_strchr=yes
ac_cv_func_strerror=yes
ac_cv_func_strncasecmp=yes
ac_cv_func_strstr=yes
ac_cv_func_strtoul=yes
ac_cv_func_uname=yes
ac_cv_func_vfork=yes
ac_cv_func_vfork_works=yes
ac_cv_header_dirent_dirent_h=yes
ac_cv_header_dlfcn_h=yes
ac_cv_header_fcntl_h=yes
ac_cv_header_inttypes_h=yes
ac_cv_header_malloc_h=yes
ac_cv_header_netdb_h=yes
ac_cv_header_netinet_in_h=yes
ac_cv_header_stddef_h=yes
ac_cv_header_stdint_h=yes
ac_cv_header_stdio_h=yes
ac_cv_header_stdlib_h=yes
ac_cv_header_string_h=yes
ac_cv_header_strings_h=yes
ac_cv_header_sys_ioctl_h=yes
ac_cv_header_sys_param_h=yes
ac_cv_header_sys_socket_h=yes
ac_cv_header_sys_stat_h=yes
ac_cv_header_sys_time_h=yes
ac_cv_header_sys_types_h=yes
ac_cv_header_sys_wait_h=yes
ac_cv_header_unistd_h=yes
ac_cv_header_valgrind_valgrind_h=no
ac_cv_header_vfork_h=no
ac_cv_host=x86_64-pc-linux-gnu
ac_cv_lib_expat_XML_GetCurrentLineNumber=no
ac_cv_lib_mysqlclient_mysql_real_connect=no
ac_cv_lib_ncurses_initscr=no
ac_cv_lib_pthread_pthread_create=yes
ac_cv_objext=o
ac_cv_path_EGREP='/usr/bin/grep -E'
ac_cv_path_FGREP='/usr/bin/grep -F'
ac_cv_path_GREP=/usr/bin/grep
ac_cv_path_GROFF=/usr/bin/groff
ac_cv_path_MANOPTS=/usr/bin/man
ac_cv_path_PDF2PS=/usr/bin/pdf2ps
ac_cv_path_PS2PDF=/usr/bin/ps2pdf
ac_cv_path_SED=/usr/bin/sed
ac_cv_path_install='/usr/bin/install -c'
ac_cv_path_lt_DD=/usr/bin/dd
ac_cv_path_mkdir=/usr/bin/mkdir
ac_cv_prog_AWK=mawk
ac_cv_prog_CPP='gcc -E'
ac_cv_prog_POD_DOCUMENTATION=pod2man
ac_cv_prog_ac_ct_AR=ar
ac_cv_prog_ac_ct_CC=gcc
ac_cv_prog_ac_ct_MANIFEST_TOOL=mt
ac_cv_prog_ac_ct_OBJDUMP=objdump
ac_cv_prog_ac_ct_RANLIB=ranlib
ac_cv_prog_ac_ct_STRIP=strip
ac_cv_prog_cc_c11=
ac_cv_prog_cc_g=yes
ac_cv_prog_cc_stdc=
ac_cv_prog_gcc_traditional=no
ac_cv_prog_make_make_set=yes
ac_cv_search_opendir='none required'
ac_cv_struct_tm=time.h
ac_cv_type_pid_t=yes
ac_cv_type_signal=void
ac_cv_type_size_t=yes
ac_cv_type_uid_t=yes
am_cv_CC_dependencies_compiler_type=gcc3
am_cv_ar_interface=ar
am_cv_make_support_nested_variables=yes
am_cv_prog_cc_c_o=yes
lt_cv_ar_at_file=@
lt_cv_archive_cmds_need_lc=no
lt_cv_deplibs_check_method=pass_all
lt_cv_file_magic_cmd='$MAGIC_CMD'
lt_cv_file_magic_test_file=
lt_cv_ld_reload_flag=-r
lt_cv_nm_interface='BSD nm'
lt_cv_objdir=.libs
lt_cv_path_LD=/usr/bin/ld
lt_cv_path_NM='/usr/bin/nm -B'
lt_cv_path_mainfest_tool=no
lt_cv_prog_compiler_c_o=yes
lt_cv_prog_compiler_pic='-fPIC -DPIC'
lt_cv_prog_compiler_pic_works=yes
lt_cv_prog_compiler_rtti_exceptions=no
lt_cv_prog_compiler_static_works=yes
lt_cv_prog_gnu_ld=yes
lt_cv_sharedlib_from_linklib_cmd='printf %s\n'
lt_cv_shlibpath_overrides_runpath=yes
lt_cv_sys_global_symbol_pipe='sed -n -e '\''s/^.*[	 ]\([ABCDGIRSTW][ABCDGIRSTW]*\)[	 ][	 ]*\([_A-Za-z][_A-Za-z0-9]*\)$/\1 \2 \2/p'\'' | sed '\''/ __gnu_lto/d'\'''
lt_cv_sys_global_symbol_to_c_name_address='sed -n -e '\''s/^: \(.*\) .*$/  {"\1", (void *) 0},/p'\'' -e '\''s/^[ABCDGIRSTW][ABCDGIRSTW]* .* \(.*\)$/  {"\1", (void *) \&\1},/p'\'''
lt_cv_sys_global_symbol_to_c_name_address_lib_prefix='sed -n -e '\''s/^: \(.*\) .*$/  {"\1", (void *) 0},/p'\'' -e '\''s/^[ABCDGIRSTW][ABCDGIRSTW]* .* \(lib.*\)$/  {"\1", (void *) \&\1},/p'\'' -e '\''s/^[ABCDGIRSTW][ABCDGIRSTW]* .* \(.*\)$/  {"lib\1", (void *) \&\1},/p'\'''
lt_cv_sys_global_symbol_to_cdecl='sed -n -e '\''s/^T .* \(.*\)$/extern int \1();/p'\'' -e '\''s/^[ABCDGIRSTW][ABCDGIRSTW]* .* \(.*\)$/extern char \1;/p'\'''
lt_cv_sys_global_symbol_to_import=
lt_cv_sys_max_cmd_len=1572864
lt_cv_to_host_file_cmd=func_convert_file_noop
lt_cv_to_tool_file_cmd=func_convert_file_noop
lt_cv_truncate_bin='/usr/bin/dd bs=4096 count=1'

## ----------------- ##
## Output variables. ##
## ----------------- ##

ACLOCAL='${SHELL} '\''/home/samo/Workdir/solarnetone-ion-experimental/missing'\'' aclocal-1.16'
AMDEPBACKSLASH='\'
AMDEP_FALSE='#'
AMDEP_TRUE=''
AMTAR='$${TAR-tar}'
AM_BACKSLASH='\'
AM_CFLAGS=' -Dlinux -DSPACE_ORDER=3 -fno-strict-aliasing -DVNAME=ION-OPEN-SOURCE-4.1.1 -DBUILD_BPv7 -DENABLE_IMC -DENABLE_MANPAGES'
AM_DEFAULT_V='$(AM_DEFAULT_VERBOSITY)'
AM_DEFAULT_VERBOSITY='1'
AM_LDFLAGS=' -lpthread'
AM_LIBTOOLFLAGS=''
AM_V='$(V)'
AR='ar'
AUTOCONF='${SHELL} '\''/home/samo/Workdir/solarnetone-ion-experimental/missing'\'' autoconf'
AUTOHEADER='${SHELL} '\''/home/samo/Workdir/solarnetone-ion-experimental/missing'\'' autoheader'
AUTOMAKE='${SHELL} '\''/home/samo/Workdir/solarnetone-ion-experimental/missing'\'' automake-1.16'
AWK='mawk'
BP_DIR='bpv7'
BUILD_BPv6_FALSE=''
BUILD_BPv6_TRUE='#'
BUILD_BPv7_FALSE='#'
BUILD_BPv7_TRUE=''
BUILD_CONTRIB_FALSE=''
BUILD_CONTRIB_TRUE='#'
BUILD_NM_REST_FALSE=''
BUILD_NM_REST_TRUE='#'
CC='gcc'
CCDEPMODE='depmode=gcc3'
CFLAGS='-g -O2 -DNOEXPAT '
CPP='gcc -E'
CPPFLAGS=''
CRYPTO_FALSE=''
CRYPTO_LIBS=''
CRYPTO_TRUE='#'
CSCOPE='cscope'
CTAGS='ctags'
CYGPATH_W='echo'
DEFS='-DHAVE_CONFIG_H'
DEPDIR='.deps'
DLLTOOL='false'
DSYMUTIL=''
DUMPBIN=''
ECHO_C=''
ECHO_N='-n'
ECHO_T=''
EGREP='/usr/bin/grep -E'
ENABLE_AUTODOC_FALSE=''
ENABLE_AUTODOC_TRUE='#'
ENABLE_BPACS_FALSE=''
ENABLE_BPACS_TRUE='#'
ENABLE_DEBUGGING_FALSE=''
ENABLE_DEBUGGING_TRUE='#'
ENABLE_EXPAT_FALSE=''
ENABLE_EXPAT_TRUE='#'
ENABLE_GCOV_FALSE=''
ENABLE_GCOV_TRUE='#'
ENABLE_HIGH_SPEED_FALSE=''
ENABLE_HIGH_SPEED_TRUE='#'
ENABLE_IMC_FALSE='#'
ENABLE_IMC_TRUE=''
ENABLE_MANPAGES_FALSE='#'
ENABLE_MANPAGES_TRUE=''
ENABLE_MYSQL_FALSE=''
ENABLE_MYSQL_TRUE='#'
ENABLE_NCURSES_FALSE=''
ENABLE_NCURSES_TRUE='#'
ETAGS='etags'
EXEEXT=''
EXPAT_LIBS=''
FGREP='/usr/bin/grep -F'
GREP='/usr/bin/grep'
GROFF='/usr/bin/groff'
GROFFMS=''
INSTALL_DATA='${INSTALL} -m 644'
INSTALL_PROGRAM='${INSTALL}'
INSTALL_SCRIPT='${INSTALL}'
INSTALL_STRIP_PROGRAM='$(install_sh) -c -s'
ION_NASA_B_FALSE=''
ION_NASA_B_TRUE='#'
LD='/usr/bin/ld -m elf_x86_64'
LDFLAGS=''
LIBOBJS=''
LIBS=''
LIBTOOL='$(SHELL) $(top_builddir)/libtool'
LINUX_BUILD_FALSE='#'
LINUX_BUILD_TRUE=''
LIPO=''
LN_S='ln -s'
LTLIBOBJS=''
LT_SYS_LIBRARY_PATH=''
MAKEINFO='${SHELL} '\''/home/samo/Workdir/solarnetone-ion-experimental/missing'\'' makeinfo'
MANIFEST_TOOL=':'
MANOPTS='/usr/bin/man'
MKDIR_P='/usr/bin/mkdir -p'
MYSQL_LIBS=''
NCURSES_LIBS=''
NM='/usr/bin/nm -B'
NMEDIT=''
OBJDUMP='objdump'
OBJEXT='o'
OTOOL64=''
OTOOL=''
PACKAGE='ion'
PACKAGE_BUGREPORT='ion-dtn-support@lists.sourceforge.net'
PACKAGE_NAME='ion'
PACKAGE_STRING='ion open source 4.1.1'
PACKAGE_TARNAME='ion'
PACKAGE_URL=''
PACKAGE_VERSION='open source 4.1.1'
PATH_SEPARATOR=':'
PDF2PS='/usr/bin/pdf2ps'
PDFJOIN='/home/samo/Workdir/solarnetone-ion-experimental/doc/pdfjoin'
POD_DOCUMENTATION='pod2man'
PS2PDF='/usr/bin/ps2pdf'
PSJOIN='/home/samo/Workdir/solarnetone-ion-experimental/doc/psjoin'
RANLIB='ranlib'
SED='/usr/bin/sed'
SET_MAKE=''
SHELL='/bin/bash'
SOLARIS_FALSE=''
SOLARIS_STUDIO_CC_FALSE=''
SOLARIS_STUDIO_CC_TRUE='#'
SOLARIS_TRUE='#'
STRIP='strip'
UNIBO_CGR_FALSE=''
UNIBO_CGR_TRUE='#'
VALGRIND_COMPAT_CFLAGS=''
VERSION='open source 4.1.1'
WINDOWS_FALSE=''
WINDOWS_TRUE='#'
ac_ct_AR='ar'
ac_ct_CC='gcc'
ac_ct_DUMPBIN=''
am__EXEEXT_FALSE=''
am__EXEEXT_TRUE='#'
am__fastdepCC_FALSE='#'
am__fastdepCC_TRUE=''
am__include='include'
am__isrc=''
am__leading_dot='.'
am__nodep='_no'
am__quote=''
am__tar='$${TAR-tar} chof - "$$tardir"'
am__untar='$${TAR-tar} xf -'
bindir='${exec_prefix}/bin'
build='x86_64-pc-linux-gnu'
build_alias=''
build_cpu='x86_64'
build_os='linux-gnu'
build_vendor='pc'
datadir='${datarootdir}'
datarootdir='${prefix}/share'
docdir='${datarootdir}/doc/${PACKAGE_TARNAME}'
dvidir='${docdir}'
exec_prefix='${prefix}'
host='x86_64-pc-linux-gnu'
host_alias=''
host_cpu='x86_64'
host_os='linux-gnu'
host_vendor='pc'
htmldir='${docdir}'
includedir='${prefix}/include'
infodir='${datarootdir}/info'
install_sh='${SHELL} /home/samo/Workdir/solarnetone-ion-experimental/install-sh'
libdir='${exec_prefix}/lib'
libexecdir='${exec_prefix}/libexec'
localedir='${datarootdir}/locale'
localstatedir='${prefix}/var'
mandir='${datarootdir}/man'
mkdir_p='$(MKDIR_P)'
oldincludedir='/usr/include'
pdfdir='${docdir}'
prefix='/usr/local'
program_transform_name='s,x,x,'
psdir='${docdir}'
runstatedir='${localstatedir}/run'
sbindir='${exec_prefix}/sbin'
sharedstatedir='${prefix}/com'
sysconfdir='${prefix}/etc'
target_alias=''

## ----------- ##
## confdefs.h. ##
## ----------- ##

/* confdefs.h */
#define PACKAGE_NAME "ion"
#define PACKAGE_TARNAME "ion"
#define PACKAGE_VERSION "open source 4.1.1"
#define PACKAGE_STRING "ion open source 4.1.1"
#define PACKAGE_BUGREPORT "ion-dtn-support@lists.sourceforge.net"
#define PACKAGE_URL ""
#define PACKAGE "ion"
#define VERSION "open source 4.1.1"
#define HAVE_STDIO_H 1
#define HAVE_STDLIB_H 1
#define HAVE_STRING_H 1
#define HAVE_INTTYPES_H 1
#define HAVE_STDINT_H 1
#define HAVE_STRINGS_H 1
#define HAVE_SYS_STAT_H 1
#define HAVE_SYS_TYPES_H 1
#define HAVE_UNISTD_H 1
#define HAVE_SYS_TIME_H 1
#define STDC_HEADERS 1
#define HAVE_DLFCN_H 1
#define LT_OBJDIR ".libs/"
#define linux 1
#define build_dccp 1
#define UNIBO_CGR 0
#define HAVE_DIRENT_H 1
#define HAVE_SYS_WAIT_H 1
#define HAVE_FCNTL_H 1
#define HAVE_MALLOC_H 1
#define HAVE_NETDB_H 1
#define HAVE_NETINET_IN_H 1
#define HAVE_STDDEF_H 1
#define HAVE_STDLIB_H 1
#define HAVE_STRING_H 1
#define HAVE_SYS_IOCTL_H 1
#define HAVE_SYS_PARAM_H 1
#define HAVE_SYS_SOCKET_H 1
#define HAVE_SYS_TIME_H 1
#define HAVE_UNISTD_H 1
#define TIME_WITH_SYS_TIME 1
#define HAVE_FORK 1
#define HAVE_VFORK 1
#define HAVE_WORKING_VFORK 1
#define HAVE_WORKING_FORK 1
#define RETSIGTYPE void
#define HAVE_ALARM 1
#define HAVE_FTRUNCATE 1
#define HAVE_GETCWD 1
#define HAVE_GETHOSTBYADDR 1
#define HAVE_GETHOSTBYNAME 1
#define HAVE_GETHOSTNAME 1
#define HAVE_GETTIMEOFDAY 1
#define HAVE_MEMSET 1
#define HAVE_MKDIR 1
#define HAVE_MKFIFO 1
#define HAVE_RMDIR 1
#define HAVE_SELECT 1
#define HAVE_SOCKET 1
#define HAVE_STRCASECMP 1
#define HAVE_STRCHR 1
#define HAVE_STRERROR 1
#define HAVE_STRNCASECMP 1
#define HAVE_STRSTR 1
#define HAVE_STRTOUL 1
#define HAVE_UNAME 1

configure: exit 0
